<?xml version="1.0" encoding="UTF-8"?>
<testsuite xmlns:xsi="http://www.w3.org/2001/XMLSchema-instance" xsi:noNamespaceSchemaLocation="https://maven.apache.org/surefire/maven-surefire-plugin/xsd/surefire-test-report-3.0.xsd" version="3.0" name="cc.synx.AppTest" time="0.021" tests="1" errors="0" skipped="0" failures="0">
  <properties>
    <property name="java.specification.version" value="17"/>
    <property name="sun.cpu.isalist" value="amd64"/>
    <property name="sun.jnu.encoding" value="GBK"/>
    <property name="java.class.path" value="D:\Yudou\yjs\snowflake\target\test-classes;D:\Yudou\yjs\snowflake\target\classes;D:\E\apache-maven-3.9\repository\junit\junit\3.8.1\junit-3.8.1.jar;"/>
    <property name="java.vm.vendor" value="Amazon.com Inc."/>
    <property name="sun.arch.data.model" value="64"/>
    <property name="user.variant" value=""/>
    <property name="java.vendor.url" value="https://aws.amazon.com/corretto/"/>
    <property name="user.timezone" value="Asia/Shanghai"/>
    <property name="os.name" value="Windows 11"/>
    <property name="java.vm.specification.version" value="17"/>
    <property name="sun.java.launcher" value="SUN_STANDARD"/>
    <property name="user.country" value="CN"/>
    <property name="sun.boot.library.path" value="C:\Users\Administrator\.jdks\corretto-17.0.13\bin"/>
    <property name="sun.java.command" value="C:\Users\Administrator\AppData\Local\Temp\surefire16823462170570114330\surefirebooter-20241124020100742_3.jar C:\Users\Administrator\AppData\Local\Temp\surefire16823462170570114330 2024-11-24T02-01-00_532-jvmRun1 surefire-20241124020100742_1tmp surefire_0-20241124020100742_2tmp"/>
    <property name="jdk.debug" value="release"/>
    <property name="surefire.test.class.path" value="D:\Yudou\yjs\snowflake\target\test-classes;D:\Yudou\yjs\snowflake\target\classes;D:\E\apache-maven-3.9\repository\junit\junit\3.8.1\junit-3.8.1.jar;"/>
    <property name="sun.cpu.endian" value="little"/>
    <property name="user.home" value="C:\Users\Administrator"/>
    <property name="user.language" value="zh"/>
    <property name="java.specification.vendor" value="Oracle Corporation"/>
    <property name="java.version.date" value="2024-10-15"/>
    <property name="java.home" value="C:\Users\Administrator\.jdks\corretto-17.0.13"/>
    <property name="file.separator" value="\"/>
    <property name="basedir" value="D:\Yudou\yjs\snowflake"/>
    <property name="java.vm.compressedOopsMode" value="Zero based"/>
    <property name="line.separator" value="&#10;"/>
    <property name="java.vm.specification.vendor" value="Oracle Corporation"/>
    <property name="java.specification.name" value="Java Platform API Specification"/>
    <property name="surefire.real.class.path" value="C:\Users\Administrator\AppData\Local\Temp\surefire16823462170570114330\surefirebooter-20241124020100742_3.jar"/>
    <property name="user.script" value=""/>
    <property name="sun.management.compiler" value="HotSpot 64-Bit Tiered Compilers"/>
    <property name="java.runtime.version" value="17.0.13+11-LTS"/>
    <property name="user.name" value="Administrator"/>
    <property name="path.separator" value=";"/>
    <property name="os.version" value="10.0"/>
    <property name="java.runtime.name" value="OpenJDK Runtime Environment"/>
    <property name="file.encoding" value="GBK"/>
    <property name="java.vm.name" value="OpenJDK 64-Bit Server VM"/>
    <property name="java.vendor.version" value="Corretto-17.0.13.11.1"/>
    <property name="localRepository" value="D:\E\apache-maven-3.9\repository"/>
    <property name="java.vendor.url.bug" value="https://github.com/corretto/corretto-17/issues/"/>
    <property name="java.io.tmpdir" value="C:\Users\Administrator\AppData\Local\Temp\"/>
    <property name="idea.version" value="2024.1.7"/>
    <property name="java.version" value="17.0.13"/>
    <property name="user.dir" value="D:\Yudou\yjs\snowflake"/>
    <property name="os.arch" value="amd64"/>
    <property name="java.vm.specification.name" value="Java Virtual Machine Specification"/>
    <property name="sun.os.patch.level" value=""/>
    <property name="native.encoding" value="GBK"/>
    <property name="java.library.path" value="C:\Users\Administrator\.jdks\corretto-17.0.13\bin;C:\Windows\Sun\Java\bin;C:\Windows\system32;C:\Windows;C:\Program Files\NVIDIA GPU Computing Toolkit\CUDA\v12.2\bin;C:\Program Files\NVIDIA GPU Computing Toolkit\CUDA\v12.2\libnvvp;C:\Program Files (x86)\NetSarang\Xftp 7\;C:\ProgramData\chocolatey\bin;C:\windows\system32;C:\Windows\System32\WindowsPowerShell\v1.0;D:\E\Java\jdk-17\bin;D:\E\mingw64\bin;D:\E\neo4j-community-5.18.0\bin;C:\Windows\System32\OpenSSH;C:\Program Files\MySQL\MySQL Server 9.1\bin;C:\Program Files\NVIDIA Corporation\NVIDIA NvDLISR;D:\E\Tesseract\tessdata;D:\E\Git\cmd;C:\Program Files\nodejs\;D:\E\Xshell 8\;D:\E\apache-maven-3.9\bin;C:\Users\Administrator\AppData\Local\Microsoft\WindowsApps;C:\Anaconda3;C:\Anaconda3\Scripts;C:\Anaconda3\Library\bin;D:\E\PyCharm 2022.1.4\bin;;C:\Users\Administrator\AppData\Local\GitHubDesktop\bin;D:\E\neo4j-community-5.18.0\bin;C:\Users\Administrator\AppData\Roaming\npm;D:\E\IntelliJ IDEA 2024.1.7\bin;;;."/>
    <property name="java.vm.info" value="mixed mode, sharing"/>
    <property name="java.vendor" value="Amazon.com Inc."/>
    <property name="java.vm.version" value="17.0.13+11-LTS"/>
    <property name="java.specification.maintenance.version" value="1"/>
    <property name="sun.io.unicode.encoding" value="UnicodeLittle"/>
    <property name="maven.repo.local" value="D:\E\apache-maven-3.9\repository"/>
    <property name="java.class.version" value="61.0"/>
  </properties>
  <testcase name="testApp" classname="cc.synx.AppTest" time="0.001"/>
</testsuite>