<?xml version="1.0" encoding="UTF-8"?>
<testsuite xmlns:xsi="http://www.w3.org/2001/XMLSchema-instance" xsi:noNamespaceSchemaLocation="https://maven.apache.org/surefire/maven-surefire-plugin/xsd/surefire-test-report-3.0.xsd" version="3.0" name="tech.synx.arithmetic.ArithmeticApplicationTests" time="3.721" tests="1" errors="0" skipped="0" failures="0">
  <properties>
    <property name="java.specification.version" value="17"/>
    <property name="sun.cpu.isalist" value="amd64"/>
    <property name="sun.jnu.encoding" value="GBK"/>
    <property name="java.class.path" value="D:\Yudou\yjs\arithmetic\target\test-classes;D:\Yudou\yjs\arithmetic\target\classes;D:\E\apache-maven-3.9\repository\org\springframework\boot\spring-boot-starter-web\3.3.6\spring-boot-starter-web-3.3.6.jar;D:\E\apache-maven-3.9\repository\org\springframework\boot\spring-boot-starter\3.3.6\spring-boot-starter-3.3.6.jar;D:\E\apache-maven-3.9\repository\org\springframework\boot\spring-boot\3.3.6\spring-boot-3.3.6.jar;D:\E\apache-maven-3.9\repository\org\springframework\boot\spring-boot-autoconfigure\3.3.6\spring-boot-autoconfigure-3.3.6.jar;D:\E\apache-maven-3.9\repository\org\springframework\boot\spring-boot-starter-logging\3.3.6\spring-boot-starter-logging-3.3.6.jar;D:\E\apache-maven-3.9\repository\ch\qos\logback\logback-classic\1.5.12\logback-classic-1.5.12.jar;D:\E\apache-maven-3.9\repository\ch\qos\logback\logback-core\1.5.12\logback-core-1.5.12.jar;D:\E\apache-maven-3.9\repository\org\apache\logging\log4j\log4j-to-slf4j\2.23.1\log4j-to-slf4j-2.23.1.jar;D:\E\apache-maven-3.9\repository\org\apache\logging\log4j\log4j-api\2.23.1\log4j-api-2.23.1.jar;D:\E\apache-maven-3.9\repository\org\slf4j\jul-to-slf4j\2.0.16\jul-to-slf4j-2.0.16.jar;D:\E\apache-maven-3.9\repository\jakarta\annotation\jakarta.annotation-api\2.1.1\jakarta.annotation-api-2.1.1.jar;D:\E\apache-maven-3.9\repository\org\yaml\snakeyaml\2.2\snakeyaml-2.2.jar;D:\E\apache-maven-3.9\repository\org\springframework\boot\spring-boot-starter-json\3.3.6\spring-boot-starter-json-3.3.6.jar;D:\E\apache-maven-3.9\repository\com\fasterxml\jackson\core\jackson-databind\2.17.3\jackson-databind-2.17.3.jar;D:\E\apache-maven-3.9\repository\com\fasterxml\jackson\core\jackson-annotations\2.17.3\jackson-annotations-2.17.3.jar;D:\E\apache-maven-3.9\repository\com\fasterxml\jackson\core\jackson-core\2.17.3\jackson-core-2.17.3.jar;D:\E\apache-maven-3.9\repository\com\fasterxml\jackson\datatype\jackson-datatype-jdk8\2.17.3\jackson-datatype-jdk8-2.17.3.jar;D:\E\apache-maven-3.9\repository\com\fasterxml\jackson\datatype\jackson-datatype-jsr310\2.17.3\jackson-datatype-jsr310-2.17.3.jar;D:\E\apache-maven-3.9\repository\com\fasterxml\jackson\module\jackson-module-parameter-names\2.17.3\jackson-module-parameter-names-2.17.3.jar;D:\E\apache-maven-3.9\repository\org\springframework\boot\spring-boot-starter-tomcat\3.3.6\spring-boot-starter-tomcat-3.3.6.jar;D:\E\apache-maven-3.9\repository\org\apache\tomcat\embed\tomcat-embed-core\10.1.33\tomcat-embed-core-10.1.33.jar;D:\E\apache-maven-3.9\repository\org\apache\tomcat\embed\tomcat-embed-el\10.1.33\tomcat-embed-el-10.1.33.jar;D:\E\apache-maven-3.9\repository\org\apache\tomcat\embed\tomcat-embed-websocket\10.1.33\tomcat-embed-websocket-10.1.33.jar;D:\E\apache-maven-3.9\repository\org\springframework\spring-web\6.1.15\spring-web-6.1.15.jar;D:\E\apache-maven-3.9\repository\org\springframework\spring-beans\6.1.15\spring-beans-6.1.15.jar;D:\E\apache-maven-3.9\repository\io\micrometer\micrometer-observation\1.13.8\micrometer-observation-1.13.8.jar;D:\E\apache-maven-3.9\repository\io\micrometer\micrometer-commons\1.13.8\micrometer-commons-1.13.8.jar;D:\E\apache-maven-3.9\repository\org\springframework\spring-webmvc\6.1.15\spring-webmvc-6.1.15.jar;D:\E\apache-maven-3.9\repository\org\springframework\spring-aop\6.1.15\spring-aop-6.1.15.jar;D:\E\apache-maven-3.9\repository\org\springframework\spring-context\6.1.15\spring-context-6.1.15.jar;D:\E\apache-maven-3.9\repository\org\springframework\spring-expression\6.1.15\spring-expression-6.1.15.jar;D:\E\apache-maven-3.9\repository\org\projectlombok\lombok\1.18.36\lombok-1.18.36.jar;D:\E\apache-maven-3.9\repository\org\springframework\boot\spring-boot-starter-test\3.3.6\spring-boot-starter-test-3.3.6.jar;D:\E\apache-maven-3.9\repository\org\springframework\boot\spring-boot-test\3.3.6\spring-boot-test-3.3.6.jar;D:\E\apache-maven-3.9\repository\org\springframework\boot\spring-boot-test-autoconfigure\3.3.6\spring-boot-test-autoconfigure-3.3.6.jar;D:\E\apache-maven-3.9\repository\com\jayway\jsonpath\json-path\2.9.0\json-path-2.9.0.jar;D:\E\apache-maven-3.9\repository\org\slf4j\slf4j-api\2.0.16\slf4j-api-2.0.16.jar;D:\E\apache-maven-3.9\repository\jakarta\xml\bind\jakarta.xml.bind-api\4.0.2\jakarta.xml.bind-api-4.0.2.jar;D:\E\apache-maven-3.9\repository\jakarta\activation\jakarta.activation-api\2.1.3\jakarta.activation-api-2.1.3.jar;D:\E\apache-maven-3.9\repository\net\minidev\json-smart\2.5.1\json-smart-2.5.1.jar;D:\E\apache-maven-3.9\repository\net\minidev\accessors-smart\2.5.1\accessors-smart-2.5.1.jar;D:\E\apache-maven-3.9\repository\org\ow2\asm\asm\9.6\asm-9.6.jar;D:\E\apache-maven-3.9\repository\org\assertj\assertj-core\3.25.3\assertj-core-3.25.3.jar;D:\E\apache-maven-3.9\repository\net\bytebuddy\byte-buddy\1.14.19\byte-buddy-1.14.19.jar;D:\E\apache-maven-3.9\repository\org\awaitility\awaitility\4.2.2\awaitility-4.2.2.jar;D:\E\apache-maven-3.9\repository\org\hamcrest\hamcrest\2.2\hamcrest-2.2.jar;D:\E\apache-maven-3.9\repository\org\junit\jupiter\junit-jupiter\5.10.5\junit-jupiter-5.10.5.jar;D:\E\apache-maven-3.9\repository\org\junit\jupiter\junit-jupiter-api\5.10.5\junit-jupiter-api-5.10.5.jar;D:\E\apache-maven-3.9\repository\org\opentest4j\opentest4j\1.3.0\opentest4j-1.3.0.jar;D:\E\apache-maven-3.9\repository\org\junit\platform\junit-platform-commons\1.10.5\junit-platform-commons-1.10.5.jar;D:\E\apache-maven-3.9\repository\org\apiguardian\apiguardian-api\1.1.2\apiguardian-api-1.1.2.jar;D:\E\apache-maven-3.9\repository\org\junit\jupiter\junit-jupiter-params\5.10.5\junit-jupiter-params-5.10.5.jar;D:\E\apache-maven-3.9\repository\org\junit\jupiter\junit-jupiter-engine\5.10.5\junit-jupiter-engine-5.10.5.jar;D:\E\apache-maven-3.9\repository\org\junit\platform\junit-platform-engine\1.10.5\junit-platform-engine-1.10.5.jar;D:\E\apache-maven-3.9\repository\org\mockito\mockito-core\5.11.0\mockito-core-5.11.0.jar;D:\E\apache-maven-3.9\repository\net\bytebuddy\byte-buddy-agent\1.14.19\byte-buddy-agent-1.14.19.jar;D:\E\apache-maven-3.9\repository\org\objenesis\objenesis\3.3\objenesis-3.3.jar;D:\E\apache-maven-3.9\repository\org\mockito\mockito-junit-jupiter\5.11.0\mockito-junit-jupiter-5.11.0.jar;D:\E\apache-maven-3.9\repository\org\skyscreamer\jsonassert\1.5.3\jsonassert-1.5.3.jar;D:\E\apache-maven-3.9\repository\com\vaadin\external\google\android-json\0.0.20131108.vaadin1\android-json-0.0.20131108.vaadin1.jar;D:\E\apache-maven-3.9\repository\org\springframework\spring-core\6.1.15\spring-core-6.1.15.jar;D:\E\apache-maven-3.9\repository\org\springframework\spring-jcl\6.1.15\spring-jcl-6.1.15.jar;D:\E\apache-maven-3.9\repository\org\springframework\spring-test\6.1.15\spring-test-6.1.15.jar;D:\E\apache-maven-3.9\repository\org\xmlunit\xmlunit-core\2.9.1\xmlunit-core-2.9.1.jar;"/>
    <property name="java.vm.vendor" value="Oracle Corporation"/>
    <property name="sun.arch.data.model" value="64"/>
    <property name="user.variant" value=""/>
    <property name="java.vendor.url" value="https://java.oracle.com/"/>
    <property name="user.timezone" value="Asia/Shanghai"/>
    <property name="os.name" value="Windows 11"/>
    <property name="java.vm.specification.version" value="17"/>
    <property name="sun.java.launcher" value="SUN_STANDARD"/>
    <property name="user.country" value="CN"/>
    <property name="sun.boot.library.path" value="D:\E\Java\jdk-17\bin"/>
    <property name="sun.java.command" value="C:\Users\Administrator\AppData\Local\Temp\surefire14824348256997415832\surefirebooter-20241124233540983_3.jar C:\Users\Administrator\AppData\Local\Temp\surefire14824348256997415832 2024-11-24T23-35-40_518-jvmRun1 surefire-20241124233540983_1tmp surefire_0-20241124233540983_2tmp"/>
    <property name="jdk.debug" value="release"/>
    <property name="surefire.test.class.path" value="D:\Yudou\yjs\arithmetic\target\test-classes;D:\Yudou\yjs\arithmetic\target\classes;D:\E\apache-maven-3.9\repository\org\springframework\boot\spring-boot-starter-web\3.3.6\spring-boot-starter-web-3.3.6.jar;D:\E\apache-maven-3.9\repository\org\springframework\boot\spring-boot-starter\3.3.6\spring-boot-starter-3.3.6.jar;D:\E\apache-maven-3.9\repository\org\springframework\boot\spring-boot\3.3.6\spring-boot-3.3.6.jar;D:\E\apache-maven-3.9\repository\org\springframework\boot\spring-boot-autoconfigure\3.3.6\spring-boot-autoconfigure-3.3.6.jar;D:\E\apache-maven-3.9\repository\org\springframework\boot\spring-boot-starter-logging\3.3.6\spring-boot-starter-logging-3.3.6.jar;D:\E\apache-maven-3.9\repository\ch\qos\logback\logback-classic\1.5.12\logback-classic-1.5.12.jar;D:\E\apache-maven-3.9\repository\ch\qos\logback\logback-core\1.5.12\logback-core-1.5.12.jar;D:\E\apache-maven-3.9\repository\org\apache\logging\log4j\log4j-to-slf4j\2.23.1\log4j-to-slf4j-2.23.1.jar;D:\E\apache-maven-3.9\repository\org\apache\logging\log4j\log4j-api\2.23.1\log4j-api-2.23.1.jar;D:\E\apache-maven-3.9\repository\org\slf4j\jul-to-slf4j\2.0.16\jul-to-slf4j-2.0.16.jar;D:\E\apache-maven-3.9\repository\jakarta\annotation\jakarta.annotation-api\2.1.1\jakarta.annotation-api-2.1.1.jar;D:\E\apache-maven-3.9\repository\org\yaml\snakeyaml\2.2\snakeyaml-2.2.jar;D:\E\apache-maven-3.9\repository\org\springframework\boot\spring-boot-starter-json\3.3.6\spring-boot-starter-json-3.3.6.jar;D:\E\apache-maven-3.9\repository\com\fasterxml\jackson\core\jackson-databind\2.17.3\jackson-databind-2.17.3.jar;D:\E\apache-maven-3.9\repository\com\fasterxml\jackson\core\jackson-annotations\2.17.3\jackson-annotations-2.17.3.jar;D:\E\apache-maven-3.9\repository\com\fasterxml\jackson\core\jackson-core\2.17.3\jackson-core-2.17.3.jar;D:\E\apache-maven-3.9\repository\com\fasterxml\jackson\datatype\jackson-datatype-jdk8\2.17.3\jackson-datatype-jdk8-2.17.3.jar;D:\E\apache-maven-3.9\repository\com\fasterxml\jackson\datatype\jackson-datatype-jsr310\2.17.3\jackson-datatype-jsr310-2.17.3.jar;D:\E\apache-maven-3.9\repository\com\fasterxml\jackson\module\jackson-module-parameter-names\2.17.3\jackson-module-parameter-names-2.17.3.jar;D:\E\apache-maven-3.9\repository\org\springframework\boot\spring-boot-starter-tomcat\3.3.6\spring-boot-starter-tomcat-3.3.6.jar;D:\E\apache-maven-3.9\repository\org\apache\tomcat\embed\tomcat-embed-core\10.1.33\tomcat-embed-core-10.1.33.jar;D:\E\apache-maven-3.9\repository\org\apache\tomcat\embed\tomcat-embed-el\10.1.33\tomcat-embed-el-10.1.33.jar;D:\E\apache-maven-3.9\repository\org\apache\tomcat\embed\tomcat-embed-websocket\10.1.33\tomcat-embed-websocket-10.1.33.jar;D:\E\apache-maven-3.9\repository\org\springframework\spring-web\6.1.15\spring-web-6.1.15.jar;D:\E\apache-maven-3.9\repository\org\springframework\spring-beans\6.1.15\spring-beans-6.1.15.jar;D:\E\apache-maven-3.9\repository\io\micrometer\micrometer-observation\1.13.8\micrometer-observation-1.13.8.jar;D:\E\apache-maven-3.9\repository\io\micrometer\micrometer-commons\1.13.8\micrometer-commons-1.13.8.jar;D:\E\apache-maven-3.9\repository\org\springframework\spring-webmvc\6.1.15\spring-webmvc-6.1.15.jar;D:\E\apache-maven-3.9\repository\org\springframework\spring-aop\6.1.15\spring-aop-6.1.15.jar;D:\E\apache-maven-3.9\repository\org\springframework\spring-context\6.1.15\spring-context-6.1.15.jar;D:\E\apache-maven-3.9\repository\org\springframework\spring-expression\6.1.15\spring-expression-6.1.15.jar;D:\E\apache-maven-3.9\repository\org\projectlombok\lombok\1.18.36\lombok-1.18.36.jar;D:\E\apache-maven-3.9\repository\org\springframework\boot\spring-boot-starter-test\3.3.6\spring-boot-starter-test-3.3.6.jar;D:\E\apache-maven-3.9\repository\org\springframework\boot\spring-boot-test\3.3.6\spring-boot-test-3.3.6.jar;D:\E\apache-maven-3.9\repository\org\springframework\boot\spring-boot-test-autoconfigure\3.3.6\spring-boot-test-autoconfigure-3.3.6.jar;D:\E\apache-maven-3.9\repository\com\jayway\jsonpath\json-path\2.9.0\json-path-2.9.0.jar;D:\E\apache-maven-3.9\repository\org\slf4j\slf4j-api\2.0.16\slf4j-api-2.0.16.jar;D:\E\apache-maven-3.9\repository\jakarta\xml\bind\jakarta.xml.bind-api\4.0.2\jakarta.xml.bind-api-4.0.2.jar;D:\E\apache-maven-3.9\repository\jakarta\activation\jakarta.activation-api\2.1.3\jakarta.activation-api-2.1.3.jar;D:\E\apache-maven-3.9\repository\net\minidev\json-smart\2.5.1\json-smart-2.5.1.jar;D:\E\apache-maven-3.9\repository\net\minidev\accessors-smart\2.5.1\accessors-smart-2.5.1.jar;D:\E\apache-maven-3.9\repository\org\ow2\asm\asm\9.6\asm-9.6.jar;D:\E\apache-maven-3.9\repository\org\assertj\assertj-core\3.25.3\assertj-core-3.25.3.jar;D:\E\apache-maven-3.9\repository\net\bytebuddy\byte-buddy\1.14.19\byte-buddy-1.14.19.jar;D:\E\apache-maven-3.9\repository\org\awaitility\awaitility\4.2.2\awaitility-4.2.2.jar;D:\E\apache-maven-3.9\repository\org\hamcrest\hamcrest\2.2\hamcrest-2.2.jar;D:\E\apache-maven-3.9\repository\org\junit\jupiter\junit-jupiter\5.10.5\junit-jupiter-5.10.5.jar;D:\E\apache-maven-3.9\repository\org\junit\jupiter\junit-jupiter-api\5.10.5\junit-jupiter-api-5.10.5.jar;D:\E\apache-maven-3.9\repository\org\opentest4j\opentest4j\1.3.0\opentest4j-1.3.0.jar;D:\E\apache-maven-3.9\repository\org\junit\platform\junit-platform-commons\1.10.5\junit-platform-commons-1.10.5.jar;D:\E\apache-maven-3.9\repository\org\apiguardian\apiguardian-api\1.1.2\apiguardian-api-1.1.2.jar;D:\E\apache-maven-3.9\repository\org\junit\jupiter\junit-jupiter-params\5.10.5\junit-jupiter-params-5.10.5.jar;D:\E\apache-maven-3.9\repository\org\junit\jupiter\junit-jupiter-engine\5.10.5\junit-jupiter-engine-5.10.5.jar;D:\E\apache-maven-3.9\repository\org\junit\platform\junit-platform-engine\1.10.5\junit-platform-engine-1.10.5.jar;D:\E\apache-maven-3.9\repository\org\mockito\mockito-core\5.11.0\mockito-core-5.11.0.jar;D:\E\apache-maven-3.9\repository\net\bytebuddy\byte-buddy-agent\1.14.19\byte-buddy-agent-1.14.19.jar;D:\E\apache-maven-3.9\repository\org\objenesis\objenesis\3.3\objenesis-3.3.jar;D:\E\apache-maven-3.9\repository\org\mockito\mockito-junit-jupiter\5.11.0\mockito-junit-jupiter-5.11.0.jar;D:\E\apache-maven-3.9\repository\org\skyscreamer\jsonassert\1.5.3\jsonassert-1.5.3.jar;D:\E\apache-maven-3.9\repository\com\vaadin\external\google\android-json\0.0.20131108.vaadin1\android-json-0.0.20131108.vaadin1.jar;D:\E\apache-maven-3.9\repository\org\springframework\spring-core\6.1.15\spring-core-6.1.15.jar;D:\E\apache-maven-3.9\repository\org\springframework\spring-jcl\6.1.15\spring-jcl-6.1.15.jar;D:\E\apache-maven-3.9\repository\org\springframework\spring-test\6.1.15\spring-test-6.1.15.jar;D:\E\apache-maven-3.9\repository\org\xmlunit\xmlunit-core\2.9.1\xmlunit-core-2.9.1.jar;"/>
    <property name="sun.cpu.endian" value="little"/>
    <property name="user.home" value="C:\Users\Administrator"/>
    <property name="user.language" value="zh"/>
    <property name="java.specification.vendor" value="Oracle Corporation"/>
    <property name="java.version.date" value="2024-07-16"/>
    <property name="java.home" value="D:\E\Java\jdk-17"/>
    <property name="file.separator" value="\"/>
    <property name="basedir" value="D:\Yudou\yjs\arithmetic"/>
    <property name="java.vm.compressedOopsMode" value="Zero based"/>
    <property name="line.separator" value="&#10;"/>
    <property name="java.vm.specification.vendor" value="Oracle Corporation"/>
    <property name="java.specification.name" value="Java Platform API Specification"/>
    <property name="FILE_LOG_CHARSET" value="GBK"/>
    <property name="java.awt.headless" value="true"/>
    <property name="surefire.real.class.path" value="C:\Users\Administrator\AppData\Local\Temp\surefire14824348256997415832\surefirebooter-20241124233540983_3.jar"/>
    <property name="user.script" value=""/>
    <property name="sun.management.compiler" value="HotSpot 64-Bit Tiered Compilers"/>
    <property name="java.runtime.version" value="17.0.12+8-LTS-286"/>
    <property name="user.name" value="Administrator"/>
    <property name="path.separator" value=";"/>
    <property name="os.version" value="10.0"/>
    <property name="java.runtime.name" value="Java(TM) SE Runtime Environment"/>
    <property name="file.encoding" value="GBK"/>
    <property name="java.vm.name" value="Java HotSpot(TM) 64-Bit Server VM"/>
    <property name="localRepository" value="D:\E\apache-maven-3.9\repository"/>
    <property name="java.vendor.url.bug" value="https://bugreport.java.com/bugreport/"/>
    <property name="java.io.tmpdir" value="C:\Users\Administrator\AppData\Local\Temp\"/>
    <property name="java.version" value="17.0.12"/>
    <property name="user.dir" value="D:\Yudou\yjs\arithmetic"/>
    <property name="os.arch" value="amd64"/>
    <property name="java.vm.specification.name" value="Java Virtual Machine Specification"/>
    <property name="PID" value="5660"/>
    <property name="sun.os.patch.level" value=""/>
    <property name="CONSOLE_LOG_CHARSET" value="GBK"/>
    <property name="native.encoding" value="GBK"/>
    <property name="java.library.path" value="D:\E\Java\jdk-17\bin;C:\Windows\Sun\Java\bin;C:\Windows\system32;C:\Windows;D:\Anaconda3;D:\Anaconda3\Library\mingw-w64\bin;D:\Anaconda3\Library\usr\bin;D:\Anaconda3\Library\bin;D:\Anaconda3\Scripts;D:\Anaconda3\bin;D:\Anaconda3\condabin;C:\Program Files\NVIDIA GPU Computing Toolkit\CUDA\v12.2\bin;C:\Program Files\NVIDIA GPU Computing Toolkit\CUDA\v12.2\libnvvp;C:\Program Files (x86)\NetSarang\Xftp 7;C:\ProgramData\chocolatey\bin;C:\windows\system32;C:\Windows\System32\WindowsPowerShell\v1.0;D:\E\Java\jdk-17\bin;D:\E\mingw64\bin;D:\E\neo4j-community-5.18.0\bin;C:\Windows\System32\OpenSSH;C:\Program Files\MySQL\MySQL Server 9.1\bin;C:\Program Files\NVIDIA Corporation\NVIDIA NvDLISR;D:\E\Tesseract\tessdata;D:\E\Git\cmd;C:\Program Files\nodejs;D:\E\Xshell 8;D:\E\apache-maven-3.9\bin;C:\Users\Administrator\AppData\Local\Microsoft\WindowsApps;C:\Anaconda3;C:\Anaconda3\Scripts;C:\Anaconda3\Library\bin;D:\E\PyCharm 2022.1.4\bin;.;C:\Users\Administrator\AppData\Local\GitHubDesktop\bin;D:\E\neo4j-community-5.18.0\bin;C:\Users\Administrator\AppData\Roaming\npm;D:\E\IntelliJ IDEA 2024.1.7\bin;.;.;."/>
    <property name="java.vm.info" value="mixed mode, sharing"/>
    <property name="java.vendor" value="Oracle Corporation"/>
    <property name="java.vm.version" value="17.0.12+8-LTS-286"/>
    <property name="sun.io.unicode.encoding" value="UnicodeLittle"/>
    <property name="java.class.version" value="61.0"/>
    <property name="LOGGED_APPLICATION_NAME" value="[arithmetic] "/>
  </properties>
  <testcase name="contextLoads" classname="tech.synx.arithmetic.ArithmeticApplicationTests" time="1.055">
    <system-out><![CDATA[23:35:42.643 [main] INFO org.springframework.test.context.support.AnnotationConfigContextLoaderUtils -- Could not detect default configuration classes for test class [tech.synx.arithmetic.ArithmeticApplicationTests]: ArithmeticApplicationTests does not declare any static, non-private, non-final, nested classes annotated with @Configuration.
23:35:42.801 [main] INFO org.springframework.boot.test.context.SpringBootTestContextBootstrapper -- Found @SpringBootConfiguration tech.synx.arithmetic.ArithmeticApplication for test class tech.synx.arithmetic.ArithmeticApplicationTests

  .   ____          _            __ _ _
 /\\ / ___'_ __ _ _(_)_ __  __ _ \ \ \ \
( ( )\___ | '_ | '_| | '_ \/ _` | \ \ \ \
 \\/  ___)| |_)| | | | | || (_| |  ) ) ) )
  '  |____| .__|_| |_|_| |_\__, | / / / /
 =========|_|==============|___/=/_/_/_/

 :: Spring Boot ::                (v3.3.6)

2024-11-24T23:35:43.346+08:00  INFO 5660 --- [arithmetic] [           main] t.s.a.ArithmeticApplicationTests         : Starting ArithmeticApplicationTests using Java 17.0.12 with PID 5660 (started by Administrator in D:\Yudou\yjs\arithmetic)
2024-11-24T23:35:43.347+08:00  INFO 5660 --- [arithmetic] [           main] t.s.a.ArithmeticApplicationTests         : No active profile set, falling back to 1 default profile: "default"
2024-11-24T23:35:45.083+08:00  INFO 5660 --- [arithmetic] [           main] t.s.a.ArithmeticApplicationTests         : Started ArithmeticApplicationTests in 2.083 seconds (process running for 3.938)
]]></system-out>
  </testcase>
</testsuite>